"2018-03-23 10:04:02",INFO,--,"Inserting News Data :::INSERT INTO tbl_news(newsdate,subject,description,attachment,image) values('2018-01-06','Career Fair Invetation','bpp','1111.jpg','bac.jpg')",96,/home/dkkkpmba/public_html/dkkkpbpp.com/ControlPanel/newsactions.php
"2018-03-23 10:04:02",INFO,--,"News Data inserted",100,/home/dkkkpmba/public_html/dkkkpbpp.com/ControlPanel/newsactions.php
"2018-07-31 07:00:39",INFO,--,"Deleting News Data :::delete from tbl_news where id='26'",198,/home/dkkkpmba/public_html/dkkkpbpp.com/ControlPanel/newsactions.php
"2018-07-31 07:00:39",INFO,--,"News Data Deleted",200,/home/dkkkpmba/public_html/dkkkpbpp.com/ControlPanel/newsactions.php
"2019-05-20 13:56:20",INFO,--,"Updating Faculty Data :::UPDATE tbl_faculty SET type='Teaching',name='Mr.Gavali Khandu Bhagwat',deptname='Mechanical Engineering',designation='Principal',qualification='ME.MTech',experience='18',photo='Mr.Gavali Khandu Bhagwat.php' where id='54'",342,/home/dkkkpmba/public_html/dkkkpbpp.com/ControlPanel/facultyactions.php
"2019-05-20 13:56:25",INFO,--,"Updating Faculty Data :::UPDATE tbl_faculty SET type='Teaching',name='Mr.Gavali Khandu Bhagwat',deptname='Mechanical Engineering',designation='Principal',qualification='ME.MTech',experience='17',photo='Mr.Gavali Khandu Bhagwat.php' where id='54'",342,/home/dkkkpmba/public_html/dkkkpbpp.com/ControlPanel/facultyactions.php
"2019-08-03 15:11:37",INFO,--,"Deleting Faculty Data :::delete from tbl_documents where docid='1'",206,/home/dkkkpmba/public_html/dkkkpbpp.com/ControlPanel/documentactions.php
"2019-08-03 15:11:37",INFO,--,"Document Data Deleted",208,/home/dkkkpmba/public_html/dkkkpbpp.com/ControlPanel/documentactions.php
"2019-08-12 08:47:20",INFO,--,"Inserting new Gallery Data :::INSERT INTO tbl_gallery(name,title) values('a.php','test')",74,/home/dkkkpmba/public_html/dkkkpbpp.com/ControlPanel/galleryactions.php
"2019-08-12 08:47:20",INFO,--,"Gallery Data inserted",78,/home/dkkkpmba/public_html/dkkkpbpp.com/ControlPanel/galleryactions.php
"2019-08-12 08:48:38",INFO,--,"Deleting Gallery Data :::delete from tbl_gallery where photoid='1'",174,/home/dkkkpmba/public_html/dkkkpbpp.com/ControlPanel/galleryactions.php
"2019-08-12 08:48:39",INFO,--,"Gallery Data Deleted",176,/home/dkkkpmba/public_html/dkkkpbpp.com/ControlPanel/galleryactions.php
"2020-01-25 09:20:58",INFO,--,"Updating Faculty Data :::UPDATE tbl_faculty SET type='Teaching',name='Mr.Tombare Nagesh ',deptname='Civil Engineering',designation='Principal',qualification='M.sc BE.Civil',experience='14',photo='Mr.Tombare Nagesh .jpg' where id='54'",342,/home/dkkkpmba/public_html/dkkkpbpp.com/ControlPanel/facultyactions.php
"2020-01-25 09:22:20",INFO,--,"Updating Faculty Data :::UPDATE tbl_faculty SET type='Teaching',name='Mr.Thombare Nagesh Mahadev',deptname='Civil Engineering',designation='Principal',qualification='M.sc BE.Civil',experience='14' where id='54'",301,/home/dkkkpmba/public_html/dkkkpbpp.com/ControlPanel/facultyactions.php
"2020-01-25 09:23:13",INFO,--,"Inserting new Gallery Data :::INSERT INTO tbl_gallery(name,title) values('IMG-20200125-WA0006.jpg','Talent hunt 2019')",74,/home/dkkkpmba/public_html/dkkkpbpp.com/ControlPanel/galleryactions.php
"2020-01-25 09:23:13",INFO,--,"Gallery Data inserted",78,/home/dkkkpmba/public_html/dkkkpbpp.com/ControlPanel/galleryactions.php
"2020-01-25 09:23:34",INFO,--,"Inserting new Gallery Data :::INSERT INTO tbl_gallery(name,title) values('IMG-20200125-WA0005.jpg','Talent hunt 2019')",74,/home/dkkkpmba/public_html/dkkkpbpp.com/ControlPanel/galleryactions.php
"2020-01-25 09:23:34",INFO,--,"Gallery Data inserted",78,/home/dkkkpmba/public_html/dkkkpbpp.com/ControlPanel/galleryactions.php
"2020-01-25 09:23:56",INFO,--,"Inserting new Gallery Data :::INSERT INTO tbl_gallery(name,title) values('IMG-20200125-WA0016.jpg','Talent hunt 2019')",74,/home/dkkkpmba/public_html/dkkkpbpp.com/ControlPanel/galleryactions.php
"2020-01-25 09:23:56",INFO,--,"Gallery Data inserted",78,/home/dkkkpmba/public_html/dkkkpbpp.com/ControlPanel/galleryactions.php
"2020-01-25 09:24:14",INFO,--,"Inserting new Gallery Data :::INSERT INTO tbl_gallery(name,title) values('IMG-20200125-WA0012.jpg','Talent hunt 2019')",74,/home/dkkkpmba/public_html/dkkkpbpp.com/ControlPanel/galleryactions.php
"2020-01-25 09:24:14",INFO,--,"Gallery Data inserted",78,/home/dkkkpmba/public_html/dkkkpbpp.com/ControlPanel/galleryactions.php
"2020-01-25 09:24:31",INFO,--,"Inserting new Gallery Data :::INSERT INTO tbl_gallery(name,title) values('IMG-20200125-WA0008.jpg','Talent hunt 2019')",74,/home/dkkkpmba/public_html/dkkkpbpp.com/ControlPanel/galleryactions.php
"2020-01-25 09:24:31",INFO,--,"Gallery Data inserted",78,/home/dkkkpmba/public_html/dkkkpbpp.com/ControlPanel/galleryactions.php
"2020-01-25 09:26:30",INFO,--,"Inserting new Gallery Data :::INSERT INTO tbl_gallery(name,title) values('IMG-20200125-WA0013.jpg','Talent hunt 2019 Price ')",74,/home/dkkkpmba/public_html/dkkkpbpp.com/ControlPanel/galleryactions.php
"2020-01-25 09:26:30",INFO,--,"Gallery Data inserted",78,/home/dkkkpmba/public_html/dkkkpbpp.com/ControlPanel/galleryactions.php
"2020-01-25 09:26:42",INFO,--,"Inserting new Gallery Data :::INSERT INTO tbl_gallery(name,title) values('IMG-20200125-WA0021.jpg','Talent hunt 2019 Price ')",74,/home/dkkkpmba/public_html/dkkkpbpp.com/ControlPanel/galleryactions.php
"2020-01-25 09:26:42",INFO,--,"Gallery Data inserted",78,/home/dkkkpmba/public_html/dkkkpbpp.com/ControlPanel/galleryactions.php
"2020-01-25 09:26:54",INFO,--,"Inserting new Gallery Data :::INSERT INTO tbl_gallery(name,title) values('IMG-20200125-WA0015.jpg','Talent hunt 2019 Price ')",74,/home/dkkkpmba/public_html/dkkkpbpp.com/ControlPanel/galleryactions.php
"2020-01-25 09:26:55",INFO,--,"Gallery Data inserted",78,/home/dkkkpmba/public_html/dkkkpbpp.com/ControlPanel/galleryactions.php
"2020-01-25 09:27:13",INFO,--,"Inserting new Gallery Data :::INSERT INTO tbl_gallery(name,title) values('IMG-20200125-WA0007.jpg','Talent hunt 2019 Price ')",74,/home/dkkkpmba/public_html/dkkkpbpp.com/ControlPanel/galleryactions.php
"2020-01-25 09:27:13",INFO,--,"Gallery Data inserted",78,/home/dkkkpmba/public_html/dkkkpbpp.com/ControlPanel/galleryactions.php
"2020-01-25 09:27:33",INFO,--,"Inserting new Gallery Data :::INSERT INTO tbl_gallery(name,title) values('IMG-20200125-WA0009.jpg','Talent hunt 2019 Price ')",74,/home/dkkkpmba/public_html/dkkkpbpp.com/ControlPanel/galleryactions.php
"2020-01-25 09:27:33",INFO,--,"Gallery Data inserted",78,/home/dkkkpmba/public_html/dkkkpbpp.com/ControlPanel/galleryactions.php
"2020-01-25 09:31:39",INFO,--,"Inserting News Data :::INSERT INTO tbl_news(newsdate,subject,description,attachment,image) values('2019-12-15','Tahent Hunt Exam ','our clg Talent hunt exam 2019','','IMG-20200125-WA0006.jpg')",96,/home/dkkkpmba/public_html/dkkkpbpp.com/ControlPanel/newsactions.php
"2020-01-25 09:31:39",INFO,--,"News Data inserted",100,/home/dkkkpmba/public_html/dkkkpbpp.com/ControlPanel/newsactions.php
"2020-01-25 09:32:31",INFO,--,"Inserting News Data :::INSERT INTO tbl_news(newsdate,subject,description,attachment,image) values('2019-12-15','Tahent Hunt Exam ','our clg talent hunt exam 2019-20','','IMG-20200125-WA0014.jpg')",96,/home/dkkkpmba/public_html/dkkkpbpp.com/ControlPanel/newsactions.php
"2020-01-25 09:32:31",INFO,--,"News Data inserted",100,/home/dkkkpmba/public_html/dkkkpbpp.com/ControlPanel/newsactions.php
"2020-01-25 09:33:51",INFO,--,"Inserting News Data :::INSERT INTO tbl_news(newsdate,subject,description,attachment,image) values('2020-01-17','talent hunt price distribution ','talent hunt price distribution 2019-20','','IMG-20200125-WA0015.jpg')",96,/home/dkkkpmba/public_html/dkkkpbpp.com/ControlPanel/newsactions.php
"2020-01-25 09:33:51",INFO,--,"News Data inserted",100,/home/dkkkpmba/public_html/dkkkpbpp.com/ControlPanel/newsactions.php
"2020-01-25 09:35:33",INFO,--,"Inserting News Data :::INSERT INTO tbl_news(newsdate,subject,description,attachment,image) values('2019-12-23','Annual gathering Function','Annual gathering Function 2019-20','','IMG-20200125-WA0022.jpg')",96,/home/dkkkpmba/public_html/dkkkpbpp.com/ControlPanel/newsactions.php
"2020-01-25 09:35:33",INFO,--,"News Data inserted",100,/home/dkkkpmba/public_html/dkkkpbpp.com/ControlPanel/newsactions.php
"2020-02-24 08:18:54",INFO,--,"Updating Faculty Data :::UPDATE tbl_faculty SET type='Non-Teaching',name='Mr.Kadam Shrkhar Kisan',deptname='Mechanical Engineering',designation='Workshop Insteructor',qualification='I.T.I,NCTVT(Fiter)',experience='3',photo='Mr.Kadam Shrkhar Kisan.jpg' where id='67'",342,/home/dkkkpmba/public_html/dkkkpbpp.com/ControlPanel/facultyactions.php
"2020-02-24 08:20:42",INFO,--,"Updating Faculty Data :::UPDATE tbl_faculty SET type='Non-Teaching',name='Mr.Kadam Shekhar Kisan',deptname='Mechanical Engineering',designation='Workshop Insteructor',qualification='I.T.I,NCTVT(Fiter)',experience='6',photo='Mr.Kadam Shekhar Kisan.jpg' where id='67'",342,/home/dkkkpmba/public_html/dkkkpbpp.com/ControlPanel/facultyactions.php
"2020-02-24 08:21:22",INFO,--,"Updating Faculty Data :::UPDATE tbl_faculty SET type='Non-Teaching',name='Mr.Kadam Shekhar Kisan',deptname='Mechanical Engineering',designation='Workshop Insteructor',qualification='I.T.I,NCTVT(Welder) DME',experience='6' where id='67'",301,/home/dkkkpmba/public_html/dkkkpbpp.com/ControlPanel/facultyactions.php
"2020-02-24 08:21:58",INFO,--,"Updating Faculty Data :::UPDATE tbl_faculty SET type='Non-Teaching',name='Mr.Nimbalkar Ravindra Fattesing',deptname='Mechanical Engineering',designation='Workshop Insteructor',qualification='I.T.I,NCTVT(Fiter),DCE',experience='8' where id='66'",301,/home/dkkkpmba/public_html/dkkkpbpp.com/ControlPanel/facultyactions.php
"2020-02-25 08:12:10",INFO,--,"Updating Faculty Data :::UPDATE tbl_faculty SET type='Supporting',name='Mr.Bhosale Hanumant Jalindar',deptname='Others',designation='Librarian Asst.',qualification='B.LIB',experience='2',photo='Mr.Bhosale Hanumant Jalindar.pdf' where id='107'",342,/home/dkkkpmba/public_html/dkkkpbpp.com/ControlPanel/facultyactions.php
"2020-02-25 08:12:37",INFO,--,"Updating Faculty Data :::UPDATE tbl_faculty SET type='Supporting',name='Mr.Bhosale Hanumant Jalindar',deptname='Others',designation='Librarian Asst.',qualification='B.LIB',experience='7' where id='107'",301,/home/dkkkpmba/public_html/dkkkpbpp.com/ControlPanel/facultyactions.php
"2020-02-25 08:15:08",INFO,--,"Updating Faculty Data :::UPDATE tbl_faculty SET type='Supporting',name='Mr.Bhosale Hanumant Jalindar',deptname='Others',designation='Librarian Asst.',qualification='B.LIB',experience='7',photo='Mr.Bhosale Hanumant Jalindar.JPG' where id='107'",342,/home/dkkkpmba/public_html/dkkkpbpp.com/ControlPanel/facultyactions.php
"2020-02-25 08:18:34",INFO,--,"Inserting new Faculty Data :::INSERT INTO tbl_faculty(type,name,deptname,designation,qualification,experience,photo) values('Supporting','Mr.Waghmode Gorakh Dnyandeo','Others','Clerk','M.Com','7','Mr.Waghmode Gorakh Dnyandeo.jpg')",93,/home/dkkkpmba/public_html/dkkkpbpp.com/ControlPanel/facultyactions.php
"2020-02-25 08:18:34",INFO,--,"Faculty Data inserted",97,/home/dkkkpmba/public_html/dkkkpbpp.com/ControlPanel/facultyactions.php
"2020-02-25 08:25:08",INFO,--,"Updating Faculty Data :::UPDATE tbl_faculty SET type='Supporting',name='Mr.Malgunde Kashinath Manik ',deptname='Others',designation='Admin',qualification='B.A',experience='6',photo='Mr.Malgunde Kashinath Manik .jpg' where id='110'",342,/home/dkkkpmba/public_html/dkkkpbpp.com/ControlPanel/facultyactions.php
"2020-02-25 08:25:42",INFO,--,"Updating Faculty Data :::UPDATE tbl_faculty SET type='Supporting',name='Mr.Malgunde Kashinath Manik ',deptname='Others',designation='Admin',qualification='B.A',experience='12',photo='Mr.Malgunde Kashinath Manik .jpg' where id='110'",342,/home/dkkkpmba/public_html/dkkkpbpp.com/ControlPanel/facultyactions.php
"2020-02-25 08:26:19",INFO,--,"Updating Faculty Data :::UPDATE tbl_faculty SET type='Supporting',name='Mr.Malgunde Kashinath Manik ',deptname='Others',designation='Admin',qualification='B.A',experience='12',photo='Mr.Malgunde Kashinath Manik .jpg' where id='110'",342,/home/dkkkpmba/public_html/dkkkpbpp.com/ControlPanel/facultyactions.php
"2020-02-25 08:27:01",INFO,--,"Updating Faculty Data :::UPDATE tbl_faculty SET type='Supporting',name='Mr.Malgunde Kashinath Manik ',deptname='Others',designation='Admin',qualification='B.A',experience='12',photo='Mr.Malgunde Kashinath Manik .jpg' where id='110'",342,/home/dkkkpmba/public_html/dkkkpbpp.com/ControlPanel/facultyactions.php
"2020-02-25 08:28:10",INFO,--,"Updating Faculty Data :::UPDATE tbl_faculty SET type='Supporting',name='Mr.Malgunde Kashinath Manik ',deptname='Others',designation='Admin',qualification='B.A',experience='12',photo='Mr.Malgunde Kashinath Manik .jpg' where id='110'",342,/home/dkkkpmba/public_html/dkkkpbpp.com/ControlPanel/facultyactions.php
"2020-02-25 08:29:19",INFO,--,"Updating Faculty Data :::UPDATE tbl_faculty SET type='Supporting',name='Mr.Malgunde Kashinath Manik ',deptname='Others',designation='Admin',qualification='B.A',experience='12',photo='Mr.Malgunde Kashinath Manik .jpg' where id='110'",342,/home/dkkkpmba/public_html/dkkkpbpp.com/ControlPanel/facultyactions.php
"2020-02-25 08:29:41",INFO,--,"Deleting Faculty Data :::delete from tbl_faculty where id='110'",200,/home/dkkkpmba/public_html/dkkkpbpp.com/ControlPanel/facultyactions.php
"2020-02-25 08:29:41",INFO,--,"Faculty Data Deleted",202,/home/dkkkpmba/public_html/dkkkpbpp.com/ControlPanel/facultyactions.php
"2020-02-25 08:30:23",INFO,--,"Inserting new Faculty Data :::INSERT INTO tbl_faculty(type,name,deptname,designation,qualification,experience,photo) values('Supporting','Mr.Malgunde Kashinath Manik','Others','Clerk','M.A','10','Mr.Malgunde Kashinath Manik.jpg')",93,/home/dkkkpmba/public_html/dkkkpbpp.com/ControlPanel/facultyactions.php
"2020-02-25 08:30:23",INFO,--,"Faculty Data inserted",97,/home/dkkkpmba/public_html/dkkkpbpp.com/ControlPanel/facultyactions.php
"2020-03-05 09:31:57",INFO,--,"Deleting Alumini Data :::delete from tbl_alumini where id='8'",68,/home/dkkkpmba/public_html/dkkkpbpp.com/ControlPanel/aluminiactions.php
"2020-03-05 09:31:57",INFO,--,"Alumini Data Deleted",70,/home/dkkkpmba/public_html/dkkkpbpp.com/ControlPanel/aluminiactions.php
"2020-03-05 09:37:34",INFO,--,"Deleting Alumini Data :::delete from tbl_alumini where id='6'",68,/home/dkkkpmba/public_html/dkkkpbpp.com/ControlPanel/aluminiactions.php
"2020-03-05 09:37:34",INFO,--,"Alumini Data Deleted",70,/home/dkkkpmba/public_html/dkkkpbpp.com/ControlPanel/aluminiactions.php
"2020-03-05 09:37:42",INFO,--,"Deleting Alumini Data :::delete from tbl_alumini where id='4'",68,/home/dkkkpmba/public_html/dkkkpbpp.com/ControlPanel/aluminiactions.php
"2020-03-05 09:37:42",INFO,--,"Alumini Data Deleted",70,/home/dkkkpmba/public_html/dkkkpbpp.com/ControlPanel/aluminiactions.php
"2020-03-05 09:37:46",INFO,--,"Deleting Alumini Data :::delete from tbl_alumini where id='7'",68,/home/dkkkpmba/public_html/dkkkpbpp.com/ControlPanel/aluminiactions.php
"2020-03-05 09:37:46",INFO,--,"Alumini Data Deleted",70,/home/dkkkpmba/public_html/dkkkpbpp.com/ControlPanel/aluminiactions.php
"2020-03-10 17:33:56",INFO,--,"Updating Candidate Data :::UPDATE tbl_admissions set status='C' where candidate_id='1'",69,/home/dkkkpmba/public_html/dkkkpbpp.com/ControlPanel/admissionactions.php
"2020-03-10 17:36:40",INFO,--,"Updating Candidate Data :::UPDATE tbl_admissions set status='C' where candidate_id='3'",69,/home/dkkkpmba/public_html/dkkkpbpp.com/ControlPanel/admissionactions.php
"2020-03-11 02:33:58",INFO,--,"Deleting Candidate Data :::delet from tbl_admissions candidate_id='1'",154,/home/dkkkpmba/public_html/dkkkpbpp.com/ControlPanel/admissionactions.php
"2020-03-11 02:34:09",INFO,--,"Deleting Candidate Data :::delete from tbl_admissions candidate_id='1'",154,/home/dkkkpmba/public_html/dkkkpbpp.com/ControlPanel/admissionactions.php
"2020-03-11 02:34:27",INFO,--,"Deleting Candidate Data :::delete from tbl_admissions where candidate_id='1'",154,/home/dkkkpmba/public_html/dkkkpbpp.com/ControlPanel/admissionactions.php
"2020-03-11 02:35:04",INFO,--,"Deleting Candidate Data :::delete from tbl_admissions where candidate_id='4'",154,/home/dkkkpmba/public_html/dkkkpbpp.com/ControlPanel/admissionactions.php
"2020-03-11 02:35:41",INFO,--,"Updating Candidate Data :::UPDATE tbl_admissions set status='C' where candidate_id='5'",69,/home/dkkkpmba/public_html/dkkkpbpp.com/ControlPanel/admissionactions.php
"2020-03-11 02:35:50",INFO,--,"Deleting Candidate Data :::delete from tbl_admissions where candidate_id='3'",154,/home/dkkkpmba/public_html/dkkkpbpp.com/ControlPanel/admissionactions.php
"2020-03-11 03:19:25",INFO,--,"Deleting Candidate Data :::delete from tbl_admissions where candidate_id='5'",154,/home/dkkkpmba/public_html/dkkkpbpp.com/ControlPanel/admissionactions.php
"2020-03-11 03:19:49",INFO,--,"Deleting Candidate Data :::delete from tbl_admissions where candidate_id='2'",154,/home/dkkkpmba/public_html/dkkkpbpp.com/ControlPanel/admissionactions.php
"2020-03-13 14:50:27",INFO,--,"Updating Candidate Data :::UPDATE tbl_admissions set status='C' where candidate_id='6'",69,/home/dkkkpmba/public_html/dkkkpbpp.com/ControlPanel/admissionactions.php
"2020-03-13 14:50:39",INFO,--,"Deleting Candidate Data :::delete from tbl_admissions where candidate_id='6'",154,/home/dkkkpmba/public_html/dkkkpbpp.com/ControlPanel/admissionactions.php
"2020-05-19 14:35:16",INFO,--,"Deleting News Data :::delete from tbl_news where id='28'",198,/home/dkkkpmba/public_html/dkkkpbpp.com/ControlPanel/newsactions.php
"2020-05-19 14:35:16",INFO,--,"News Data Deleted",200,/home/dkkkpmba/public_html/dkkkpbpp.com/ControlPanel/newsactions.php
"2020-05-19 14:39:58",INFO,--,"Inserting News Data :::INSERT INTO tbl_news(newsdate,subject,description,attachment,image) values('2020-05-16','Covid msbte Summer Exam Timetable circular ','Covid msbte Summer Exam Timetable2019-20 circular ','circular.PDF','')",96,/home/dkkkpmba/public_html/dkkkpbpp.com/ControlPanel/newsactions.php
"2020-05-19 14:39:58",INFO,--,"News Data inserted",100,/home/dkkkpmba/public_html/dkkkpbpp.com/ControlPanel/newsactions.php
"2020-05-19 14:54:30",INFO,--,"Inserting News Data :::INSERT INTO tbl_news(newsdate,subject,description,attachment,image) values('2020-05-16','विद्यार्थ्यांसाठी मार्गदर्शन व हेल्पलाइन नंबर प्राचार्य ठोंबरे एन एम 9960003113 प्रा. चव्हाण यु जे ( संस्थास्तरावरील नोडल ऑफिसर ) 9960322607','विद्यार्थ्यांसाठी मार्गदर्शन व हेल्पलाइन नंबर प्राचार्य ठोंबरे एन एम 9960003113 प्रा. चव्हाण यु जे ( संस्थास्तरावरील नोडल ऑफिसर ) 9960322607','','')",96,/home/dkkkpmba/public_html/dkkkpbpp.com/ControlPanel/newsactions.php
"2020-05-19 14:54:30",INFO,--,"News Data inserted",100,/home/dkkkpmba/public_html/dkkkpbpp.com/ControlPanel/newsactions.php
"2020-05-19 14:57:57",INFO,--,"Deleting News Data :::delete from tbl_news where id='31'",198,/home/dkkkpmba/public_html/dkkkpbpp.com/ControlPanel/newsactions.php
"2020-05-19 14:57:57",INFO,--,"News Data Deleted",200,/home/dkkkpmba/public_html/dkkkpbpp.com/ControlPanel/newsactions.php
"2020-05-19 15:01:24",INFO,--,"Inserting News Data :::INSERT INTO tbl_news(newsdate,subject,description,attachment,image) values('2020-05-NaN',' महाराष्ट्र राज्य तंत्रशिक्षण मंडळाने covid-19 उद्रेकामुळे निर्माण झालेल्या परिस्थितीमध्ये परीक्षांबाबत काढलेल्या परिपत्र',' महाराष्ट्र राज्य तंत्रशिक्षण मंडळाने covid-19 उद्रेकामुळे निर्माण झालेल्या परिस्थितीमध्ये परीक्षांबाबत काढलेल्या परिपत्र','circular.PDF','')",96,/home/dkkkpmba/public_html/dkkkpbpp.com/ControlPanel/newsactions.php
"2020-05-19 15:01:24",INFO,--,"News Data inserted",100,/home/dkkkpmba/public_html/dkkkpbpp.com/ControlPanel/newsactions.php
"2020-05-29 18:49:12",INFO,--,"Deleting Faculty Data :::delete from tbl_documents where docid='4'",206,/home/dkkkpmba/public_html/dkkkpbpp.com/ControlPanel/documentactions.php
"2020-05-29 18:49:12",INFO,--,"Document Data Deleted",208,/home/dkkkpmba/public_html/dkkkpbpp.com/ControlPanel/documentactions.php
"2020-07-24 07:50:28",INFO,--,"Deleting Faculty Data :::delete from tbl_faculty where id='59'",200,/home/dkkkpmba/public_html/dkkkpbpp.com/ControlPanel/facultyactions.php
"2020-07-24 07:50:28",INFO,--,"Faculty Data Deleted",202,/home/dkkkpmba/public_html/dkkkpbpp.com/ControlPanel/facultyactions.php
"2020-07-24 07:51:44",INFO,--,"Deleting News Data :::delete from tbl_news where id='32'",198,/home/dkkkpmba/public_html/dkkkpbpp.com/ControlPanel/newsactions.php
"2020-07-24 07:51:44",INFO,--,"News Data Deleted",200,/home/dkkkpmba/public_html/dkkkpbpp.com/ControlPanel/newsactions.php
"2020-07-24 07:54:40",INFO,--,"Updating Faculty Data :::UPDATE tbl_faculty SET type='Teaching',name='Mr.Khartode Vikas Motiram',deptname='General Science and Humanities',designation='HOD',qualification='ME(Mech)',experience='13' where id='73'",301,/home/dkkkpmba/public_html/dkkkpbpp.com/ControlPanel/facultyactions.php
"2020-07-24 07:56:36",INFO,--,"Updating Faculty Data :::UPDATE tbl_faculty SET type='Teaching',name='Mr.Khartode Vikas Motiram',deptname='General Science and Humanities',designation='HOD',qualification='ME(Mech)',experience='13',photo='Mr.Khartode Vikas Motiram.jpeg' where id='73'",342,/home/dkkkpmba/public_html/dkkkpbpp.com/ControlPanel/facultyactions.php
"2020-07-24 07:57:50",INFO,--,"Updating Faculty Data :::UPDATE tbl_faculty SET type='Teaching',name='Mr.Taware Ranjeet Shivajirao',deptname='Mechanical Engineering',designation='Lecturer ',qualification='BE(Mech)',experience='9' where id='74'",301,/home/dkkkpmba/public_html/dkkkpbpp.com/ControlPanel/facultyactions.php
"2020-07-24 07:59:44",INFO,--,"Updating Faculty Data :::UPDATE tbl_faculty SET type='Teaching',name='Ms. Mohite R. A.',deptname='General Science and Humanities',designation='Lecturer ',qualification='Msc(Chemistry)',experience='2',photo='Ms. Mohite R. A..jpg' where id='71'",342,/home/dkkkpmba/public_html/dkkkpbpp.com/ControlPanel/facultyactions.php
"2020-07-24 08:01:26",INFO,--,"Updating Faculty Data :::UPDATE tbl_faculty SET type='Teaching',name='Ms. Jadhav A.D',deptname='General Science and Humanities',designation='Lecturel',qualification='Msc',experience='4',photo='Ms. Jadhav A.D.jpeg' where id='68'",342,/home/dkkkpmba/public_html/dkkkpbpp.com/ControlPanel/facultyactions.php
"2020-07-24 08:01:56",INFO,--,"Updating Faculty Data :::UPDATE tbl_faculty SET type='Teaching',name='Ms. Jadhav A.D',deptname='General Science and Humanities',designation='Lecturer',qualification='Msc',experience='4' where id='68'",301,/home/dkkkpmba/public_html/dkkkpbpp.com/ControlPanel/facultyactions.php
"2020-07-24 08:03:04",INFO,--,"Updating Faculty Data :::UPDATE tbl_faculty SET type='Teaching',name='Ms. Sabale D. M',deptname='General Science and Humanities',designation='Lecturer ',qualification='Msc(Math)',experience='2',photo='Ms. Sabale D. M.jpg' where id='70'",342,/home/dkkkpmba/public_html/dkkkpbpp.com/ControlPanel/facultyactions.php
"2020-07-24 08:04:26",INFO,--,"Inserting new Faculty Data :::INSERT INTO tbl_faculty(type,name,deptname,designation,qualification,experience,photo) values('Teaching','Mr.Bhosale S.S','General Science and Humanities','Lecturer','M.A (Eng)','5','Mr.Bhosale S.S.jpg')",93,/home/dkkkpmba/public_html/dkkkpbpp.com/ControlPanel/facultyactions.php
"2020-07-24 08:04:26",INFO,--,"Faculty Data inserted",97,/home/dkkkpmba/public_html/dkkkpbpp.com/ControlPanel/facultyactions.php
"2020-07-24 08:08:12",INFO,--,"Deleting Faculty Data :::delete from tbl_faculty where id='75'",200,/home/dkkkpmba/public_html/dkkkpbpp.com/ControlPanel/facultyactions.php
"2020-07-24 08:08:12",INFO,--,"Faculty Data Deleted",202,/home/dkkkpmba/public_html/dkkkpbpp.com/ControlPanel/facultyactions.php
"2020-07-24 08:08:23",INFO,--,"Deleting Faculty Data :::delete from tbl_faculty where id='76'",200,/home/dkkkpmba/public_html/dkkkpbpp.com/ControlPanel/facultyactions.php
"2020-07-24 08:08:23",INFO,--,"Faculty Data Deleted",202,/home/dkkkpmba/public_html/dkkkpbpp.com/ControlPanel/facultyactions.php
"2020-07-24 08:13:00",INFO,--,"Updating Faculty Data :::UPDATE tbl_faculty SET type='Teaching',name='Mr.Dalavi Amol Dattatray',deptname='Electronics and Telecommunication',designation='Lecturer ',qualification='B.E',experience='9' where id='84'",301,/home/dkkkpmba/public_html/dkkkpbpp.com/ControlPanel/facultyactions.php
"2020-07-24 08:13:23",INFO,--,"Updating Faculty Data :::UPDATE tbl_faculty SET type='Teaching',name='Miss.Nimbalkar Manali Diliprao',deptname='Electronics and Telecommunication',designation='Lecturer ',qualification='ME',experience='9' where id='77'",301,/home/dkkkpmba/public_html/dkkkpbpp.com/ControlPanel/facultyactions.php
"2020-07-24 08:13:43",INFO,--,"Deleting Faculty Data :::delete from tbl_faculty where id='79'",200,/home/dkkkpmba/public_html/dkkkpbpp.com/ControlPanel/facultyactions.php
"2020-07-24 08:13:43",INFO,--,"Faculty Data Deleted",202,/home/dkkkpmba/public_html/dkkkpbpp.com/ControlPanel/facultyactions.php
"2020-07-24 08:15:20",INFO,--,"Updating Faculty Data :::UPDATE tbl_faculty SET type='Teaching',name='Miss.Gaikwad P.P',deptname='Electronics and Telecommunication',designation='Lecturer ',qualification='BE',experience='2',photo='Miss.Gaikwad P.P.jpg' where id='81'",342,/home/dkkkpmba/public_html/dkkkpbpp.com/ControlPanel/facultyactions.php
"2020-07-24 08:15:53",INFO,--,"Deleting Faculty Data :::delete from tbl_faculty where id='78'",200,/home/dkkkpmba/public_html/dkkkpbpp.com/ControlPanel/facultyactions.php
"2020-07-24 08:15:53",INFO,--,"Faculty Data Deleted",202,/home/dkkkpmba/public_html/dkkkpbpp.com/ControlPanel/facultyactions.php
"2020-07-24 08:16:02",INFO,--,"Deleting Faculty Data :::delete from tbl_faculty where id='80'",200,/home/dkkkpmba/public_html/dkkkpbpp.com/ControlPanel/facultyactions.php
"2020-07-24 08:16:02",INFO,--,"Faculty Data Deleted",202,/home/dkkkpmba/public_html/dkkkpbpp.com/ControlPanel/facultyactions.php
"2020-07-24 08:16:15",INFO,--,"Deleting Faculty Data :::delete from tbl_faculty where id='82'",200,/home/dkkkpmba/public_html/dkkkpbpp.com/ControlPanel/facultyactions.php
"2020-07-24 08:16:15",INFO,--,"Faculty Data Deleted",202,/home/dkkkpmba/public_html/dkkkpbpp.com/ControlPanel/facultyactions.php
"2020-07-24 08:17:38",INFO,--,"Inserting new Faculty Data :::INSERT INTO tbl_faculty(type,name,deptname,designation,qualification,experience,photo) values('Teaching','Ms.Todkar R.M.','Mechanical Engineering','Lecturer','BE E&TC','1','Ms.Todkar R.M..jpg')",93,/home/dkkkpmba/public_html/dkkkpbpp.com/ControlPanel/facultyactions.php
"2020-07-24 08:17:38",INFO,--,"Faculty Data inserted",97,/home/dkkkpmba/public_html/dkkkpbpp.com/ControlPanel/facultyactions.php
"2020-07-24 08:18:42",INFO,--,"Inserting new Faculty Data :::INSERT INTO tbl_faculty(type,name,deptname,designation,qualification,experience,photo) values('Teaching','Ms.Waghmode S B','Electronics and Telecommunication','Lecturer','BE E&TC','1','Ms.Waghmode S B.jpg')",93,/home/dkkkpmba/public_html/dkkkpbpp.com/ControlPanel/facultyactions.php
"2020-07-24 08:18:42",INFO,--,"Faculty Data inserted",97,/home/dkkkpmba/public_html/dkkkpbpp.com/ControlPanel/facultyactions.php
"2020-07-24 08:19:32",INFO,--,"Inserting new Faculty Data :::INSERT INTO tbl_faculty(type,name,deptname,designation,qualification,experience,photo) values('Teaching','MS .Shendage.P.B','Electronics and Telecommunication','Lecturer','BE E&TC','1','MS .Shendage.P.B.jpg')",93,/home/dkkkpmba/public_html/dkkkpbpp.com/ControlPanel/facultyactions.php
"2020-07-24 08:19:32",INFO,--,"Faculty Data inserted",97,/home/dkkkpmba/public_html/dkkkpbpp.com/ControlPanel/facultyactions.php
"2020-07-24 08:20:34",INFO,--,"Updating Faculty Data :::UPDATE tbl_faculty SET type='Teaching',name='Ms.Todkar R.M.',deptname='Mechanical Engineering',designation='Lecturer',qualification='BE E&TC',experience='2' where id='134'",301,/home/dkkkpmba/public_html/dkkkpbpp.com/ControlPanel/facultyactions.php
"2020-07-24 08:20:49",INFO,--,"Deleting Faculty Data :::delete from tbl_faculty where id='61'",200,/home/dkkkpmba/public_html/dkkkpbpp.com/ControlPanel/facultyactions.php
"2020-07-24 08:20:49",INFO,--,"Faculty Data Deleted",202,/home/dkkkpmba/public_html/dkkkpbpp.com/ControlPanel/facultyactions.php
"2020-07-24 08:20:59",INFO,--,"Deleting Faculty Data :::delete from tbl_faculty where id='64'",200,/home/dkkkpmba/public_html/dkkkpbpp.com/ControlPanel/facultyactions.php
"2020-07-24 08:20:59",INFO,--,"Faculty Data Deleted",202,/home/dkkkpmba/public_html/dkkkpbpp.com/ControlPanel/facultyactions.php
"2020-07-24 08:22:00",INFO,--,"Updating Faculty Data :::UPDATE tbl_faculty SET type='Teaching',name='Mr.Chavan Uday Jayshing',deptname='Mechanical Engineering',designation='Lecturer ',qualification='M.E',experience='11',photo='Mr.Chavan Uday Jayshing.jpg' where id='57'",342,/home/dkkkpmba/public_html/dkkkpbpp.com/ControlPanel/facultyactions.php
"2020-07-24 08:22:29",INFO,--,"Updating Faculty Data :::UPDATE tbl_faculty SET type='Teaching',name='Mr.Taware Ranjeet Shivajirao',deptname='Mechanical Engineering',designation='Lecturer ',qualification='BE(Mech)',experience='9',photo='Mr.Taware Ranjeet Shivajirao.jpg' where id='74'",342,/home/dkkkpmba/public_html/dkkkpbpp.com/ControlPanel/facultyactions.php
"2020-07-24 08:25:40",INFO,--,"Inserting new Faculty Data :::INSERT INTO tbl_faculty(type,name,deptname,designation,qualification,experience,photo) values('Teaching','Mr.Bhagwatagite U.A','Mechanical Engineering','Lecturer','B.E ,MBA','4','Mr.Bhagwatagite U.A.jpg')",93,/home/dkkkpmba/public_html/dkkkpbpp.com/ControlPanel/facultyactions.php
"2020-07-24 08:25:40",INFO,--,"Faculty Data inserted",97,/home/dkkkpmba/public_html/dkkkpbpp.com/ControlPanel/facultyactions.php
"2020-07-24 08:26:41",INFO,--,"Inserting new Faculty Data :::INSERT INTO tbl_faculty(type,name,deptname,designation,qualification,experience,photo) values('Teaching','Mr.Bagnawar O A','Mechanical Engineering','Lecturer','B.E Mech','1','Mr.Bagnawar O A.jpg')",93,/home/dkkkpmba/public_html/dkkkpbpp.com/ControlPanel/facultyactions.php
"2020-07-24 08:26:41",INFO,--,"Faculty Data inserted",97,/home/dkkkpmba/public_html/dkkkpbpp.com/ControlPanel/facultyactions.php
"2020-07-24 08:27:11",INFO,--,"Updating Faculty Data :::UPDATE tbl_faculty SET type='Teaching',name='Mr.Kokare Amol Yashwant',deptname='Mechanical Engineering',designation='Lecturer Tpo',qualification='ME ',experience='10' where id='58'",301,/home/dkkkpmba/public_html/dkkkpbpp.com/ControlPanel/facultyactions.php
"2020-07-24 08:28:18",INFO,--,"Updating Faculty Data :::UPDATE tbl_faculty SET type='Teaching',name='Miss.Nimbalkar Gouri Desharath',deptname='Civil Engineering',designation='Lecturer ',qualification='B.E',experience='10',photo='Miss.Nimbalkar Gouri Desharath.JPG' where id='90'",342,/home/dkkkpmba/public_html/dkkkpbpp.com/ControlPanel/facultyactions.php
"2020-07-24 08:28:43",INFO,--,"Deleting Faculty Data :::delete from tbl_faculty where id='93'",200,/home/dkkkpmba/public_html/dkkkpbpp.com/ControlPanel/facultyactions.php
"2020-07-24 08:28:43",INFO,--,"Faculty Data Deleted",202,/home/dkkkpmba/public_html/dkkkpbpp.com/ControlPanel/facultyactions.php
"2020-07-24 08:29:01",INFO,--,"Deleting Faculty Data :::delete from tbl_faculty where id='92'",200,/home/dkkkpmba/public_html/dkkkpbpp.com/ControlPanel/facultyactions.php
"2020-07-24 08:29:01",INFO,--,"Faculty Data Deleted",202,/home/dkkkpmba/public_html/dkkkpbpp.com/ControlPanel/facultyactions.php
"2020-07-24 08:30:16",INFO,--,"Inserting new Faculty Data :::INSERT INTO tbl_faculty(type,name,deptname,designation,qualification,experience,photo) values('Teaching','MS.Mane V.D','Civil Engineering','Lecturer','B.E','3','MS.Mane V.D.jpg')",93,/home/dkkkpmba/public_html/dkkkpbpp.com/ControlPanel/facultyactions.php
"2020-07-24 08:30:16",INFO,--,"Faculty Data inserted",97,/home/dkkkpmba/public_html/dkkkpbpp.com/ControlPanel/facultyactions.php
"2020-07-24 08:31:13",INFO,--,"Inserting new Faculty Data :::INSERT INTO tbl_faculty(type,name,deptname,designation,qualification,experience,photo) values('Teaching','MS.Kambale P.S','Civil Engineering','Lecturer','B.E','2','MS.Kambale P.S.jpg')",93,/home/dkkkpmba/public_html/dkkkpbpp.com/ControlPanel/facultyactions.php
"2020-07-24 08:31:13",INFO,--,"Faculty Data inserted",97,/home/dkkkpmba/public_html/dkkkpbpp.com/ControlPanel/facultyactions.php
"2020-07-24 08:32:18",INFO,--,"Inserting new Faculty Data :::INSERT INTO tbl_faculty(type,name,deptname,designation,qualification,experience,photo) values('Teaching','Mr. Yadav T.P.','Civil Engineering','Lecturer','B.Tech','2','Mr. Yadav T.P..jpg')",93,/home/dkkkpmba/public_html/dkkkpbpp.com/ControlPanel/facultyactions.php
"2020-07-24 08:32:18",INFO,--,"Faculty Data inserted",97,/home/dkkkpmba/public_html/dkkkpbpp.com/ControlPanel/facultyactions.php
"2020-07-24 08:33:31",INFO,--,"Deleting Faculty Data :::delete from tbl_faculty where id='85'",200,/home/dkkkpmba/public_html/dkkkpbpp.com/ControlPanel/facultyactions.php
"2020-07-24 08:33:31",INFO,--,"Faculty Data Deleted",202,/home/dkkkpmba/public_html/dkkkpbpp.com/ControlPanel/facultyactions.php
"2020-07-24 08:33:41",INFO,--,"Deleting Faculty Data :::delete from tbl_faculty where id='86'",200,/home/dkkkpmba/public_html/dkkkpbpp.com/ControlPanel/facultyactions.php
"2020-07-24 08:33:41",INFO,--,"Faculty Data Deleted",202,/home/dkkkpmba/public_html/dkkkpbpp.com/ControlPanel/facultyactions.php
"2020-07-24 08:33:51",INFO,--,"Deleting Faculty Data :::delete from tbl_faculty where id='87'",200,/home/dkkkpmba/public_html/dkkkpbpp.com/ControlPanel/facultyactions.php
"2020-07-24 08:33:51",INFO,--,"Faculty Data Deleted",202,/home/dkkkpmba/public_html/dkkkpbpp.com/ControlPanel/facultyactions.php
"2020-07-24 08:34:34",INFO,--,"Updating Faculty Data :::UPDATE tbl_faculty SET type='Teaching',name='Miss.Gaikwad Joti Shivaji',deptname='Electrical Engineering',designation='Lecturer ',qualification='B.E',experience='6',photo='Miss.Gaikwad Joti Shivaji.jpg' where id='88'",342,/home/dkkkpmba/public_html/dkkkpbpp.com/ControlPanel/facultyactions.php
"2020-07-24 08:35:11",INFO,--,"Deleting Faculty Data :::delete from tbl_faculty where id='91'",200,/home/dkkkpmba/public_html/dkkkpbpp.com/ControlPanel/facultyactions.php
"2020-07-24 08:35:11",INFO,--,"Faculty Data Deleted",202,/home/dkkkpmba/public_html/dkkkpbpp.com/ControlPanel/facultyactions.php
"2020-07-24 08:36:14",INFO,--,"Updating Faculty Data :::UPDATE tbl_faculty SET type='Supporting',name='Mr.Lavand Pritam Pandurang',deptname='Others',designation='System Admin',qualification='M.C.A',experience='5',photo='Mr.Lavand Pritam Pandurang.jpg' where id='108'",342,/home/dkkkpmba/public_html/dkkkpbpp.com/ControlPanel/facultyactions.php
"2020-07-24 08:37:21",INFO,--,"Inserting new Faculty Data :::INSERT INTO tbl_faculty(type,name,deptname,designation,qualification,experience,photo) values('Teaching','Mr. Patil M D','Electrical Engineering','Lecturer','B.E','5','Mr. Patil M D.jpg')",93,/home/dkkkpmba/public_html/dkkkpbpp.com/ControlPanel/facultyactions.php
"2020-07-24 08:37:21",INFO,--,"Faculty Data inserted",97,/home/dkkkpmba/public_html/dkkkpbpp.com/ControlPanel/facultyactions.php
"2020-07-24 08:38:54",INFO,--,"Inserting new Faculty Data :::INSERT INTO tbl_faculty(type,name,deptname,designation,qualification,experience,photo) values('Teaching','MS.Deokate R.N.','Electrical Engineering','Lecturer','B.E Com','5','MS.Deokate R.N..JPG')",93,/home/dkkkpmba/public_html/dkkkpbpp.com/ControlPanel/facultyactions.php
"2020-07-24 08:38:54",INFO,--,"Faculty Data inserted",97,/home/dkkkpmba/public_html/dkkkpbpp.com/ControlPanel/facultyactions.php
"2020-07-24 08:39:50",INFO,--,"Inserting new Faculty Data :::INSERT INTO tbl_faculty(type,name,deptname,designation,qualification,experience,photo) values('Teaching','Ms.Gaikwad S.D','Electrical Engineering','Lecturer','B.E','4','Ms.Gaikwad S.D.jpg')",93,/home/dkkkpmba/public_html/dkkkpbpp.com/ControlPanel/facultyactions.php
"2020-07-24 08:39:50",INFO,--,"Faculty Data inserted",97,/home/dkkkpmba/public_html/dkkkpbpp.com/ControlPanel/facultyactions.php
"2020-07-24 08:44:38",INFO,--,"Updating Faculty Data :::UPDATE tbl_faculty SET type='Teaching',name='Ms.Todkar R.M.',deptname='Electronics and Telecommunication',designation='Lecturer',qualification='BE E&TC',experience='2' where id='134'",301,/home/dkkkpmba/public_html/dkkkpbpp.com/ControlPanel/facultyactions.php
"2020-07-24 08:45:18",INFO,--,"Deleting Faculty Data :::delete from tbl_faculty where id='114'",200,/home/dkkkpmba/public_html/dkkkpbpp.com/ControlPanel/facultyactions.php
"2020-07-24 08:45:18",INFO,--,"Faculty Data Deleted",202,/home/dkkkpmba/public_html/dkkkpbpp.com/ControlPanel/facultyactions.php
"2020-07-24 08:45:43",INFO,--,"Updating Faculty Data :::UPDATE tbl_faculty SET type='Teaching',name='Mr.Deshpande Yogesh Narendra',deptname='Electrical Engineering',designation='Lecturer ',qualification='M.E',experience='10' where id='83'",301,/home/dkkkpmba/public_html/dkkkpbpp.com/ControlPanel/facultyactions.php
"2020-07-24 08:46:24",INFO,--,"Deleting Faculty Data :::delete from tbl_faculty where id='115'",200,/home/dkkkpmba/public_html/dkkkpbpp.com/ControlPanel/facultyactions.php
"2020-07-24 08:46:24",INFO,--,"Faculty Data Deleted",202,/home/dkkkpmba/public_html/dkkkpbpp.com/ControlPanel/facultyactions.php
"2020-07-24 08:46:38",INFO,--,"Deleting Faculty Data :::delete from tbl_faculty where id='116'",200,/home/dkkkpmba/public_html/dkkkpbpp.com/ControlPanel/facultyactions.php
"2020-07-24 08:46:38",INFO,--,"Faculty Data Deleted",202,/home/dkkkpmba/public_html/dkkkpbpp.com/ControlPanel/facultyactions.php
"2020-07-24 08:46:52",INFO,--,"Deleting Faculty Data :::delete from tbl_faculty where id='117'",200,/home/dkkkpmba/public_html/dkkkpbpp.com/ControlPanel/facultyactions.php
"2020-07-24 08:46:52",INFO,--,"Faculty Data Deleted",202,/home/dkkkpmba/public_html/dkkkpbpp.com/ControlPanel/facultyactions.php
"2020-07-24 08:58:57",INFO,--,"Inserting News Data :::INSERT INTO tbl_news(newsdate,subject,description,attachment,image) values('2020-07-20','Advertiesment','100% Result Babasaheb Phadtare Polytechinc College In Summer-2020','IMG-20200717-WA0000.jpg','IMG-20200719-WA0006.jpg')",96,/home/dkkkpmba/public_html/dkkkpbpp.com/ControlPanel/newsactions.php
"2020-07-24 08:58:57",INFO,--,"News Data inserted",100,/home/dkkkpmba/public_html/dkkkpbpp.com/ControlPanel/newsactions.php
"2020-07-24 09:00:45",INFO,--,"Deleting News Data :::delete from tbl_news where id='27'",198,/home/dkkkpmba/public_html/dkkkpbpp.com/ControlPanel/newsactions.php
"2020-07-24 09:00:45",INFO,--,"News Data Deleted",200,/home/dkkkpmba/public_html/dkkkpbpp.com/ControlPanel/newsactions.php
"2020-07-24 09:06:47",INFO,--,"Inserting News Data :::INSERT INTO tbl_news(newsdate,subject,description,attachment,image) values('2020-07-24','Admission Open','Admission open 2020-21 For Diploma First and Direct Second Year All Branch','IMG-20200722-WA0016.jpg','IMG-20200722-WA0016.jpg')",96,/home/dkkkpmba/public_html/dkkkpbpp.com/ControlPanel/newsactions.php
"2020-07-24 09:06:47",INFO,--,"News Data inserted",100,/home/dkkkpmba/public_html/dkkkpbpp.com/ControlPanel/newsactions.php
"2020-07-24 09:09:17",INFO,--,"Deleting Faculty Data :::delete from tbl_faculty where id='81'",200,/home/dkkkpmba/public_html/dkkkpbpp.com/ControlPanel/facultyactions.php
"2020-07-24 09:09:17",INFO,--,"Faculty Data Deleted",202,/home/dkkkpmba/public_html/dkkkpbpp.com/ControlPanel/facultyactions.php
"2020-07-24 09:10:40",INFO,--,"Inserting new Faculty Data :::INSERT INTO tbl_faculty(type,name,deptname,designation,qualification,experience,photo) values('Teaching','Ms.Gaikwad P.P','Electronics and Telecommunication','Lecturer','B.E','2','Ms.Gaikwad P.P.jpg')",93,/home/dkkkpmba/public_html/dkkkpbpp.com/ControlPanel/facultyactions.php
"2020-07-24 09:10:40",INFO,--,"Faculty Data inserted",97,/home/dkkkpmba/public_html/dkkkpbpp.com/ControlPanel/facultyactions.php
"2020-07-24 09:11:24",INFO,--,"Updating Faculty Data :::UPDATE tbl_faculty SET type='Teaching',name='Ms. Jadhav A.D',deptname='General Science and Humanities',designation='Lecturer',qualification='Msc',experience='4' where id='68'",301,/home/dkkkpmba/public_html/dkkkpbpp.com/ControlPanel/facultyactions.php
"2020-07-24 09:12:13",INFO,--,"Updating Faculty Data :::UPDATE tbl_faculty SET type='Teaching',name='Mr.Khartode Vikas Motiram',deptname='General Science and Humanities',designation='HOD',qualification='ME(Mech)',experience='13' where id='73'",301,/home/dkkkpmba/public_html/dkkkpbpp.com/ControlPanel/facultyactions.php
"2020-07-24 09:13:08",INFO,--,"Updating Faculty Data :::UPDATE tbl_faculty SET type='Teaching',name='Mr.Khartode Vikas Motiram',deptname='General Science and Humanities',designation='Lecturer',qualification='B.E Mech',experience='13',photo='Mr.Khartode Vikas Motiram.jpeg' where id='68'",342,/home/dkkkpmba/public_html/dkkkpbpp.com/ControlPanel/facultyactions.php
"2020-07-24 09:16:13",INFO,--,"Updating Faculty Data :::UPDATE tbl_faculty SET type='Teaching',name='Ms. Jadhav A.D',deptname='General Science and Humanities',designation='Lecturel',qualification='Msc(Phy)',experience='5',photo='Ms. Jadhav A.D.jpeg' where id='73'",342,/home/dkkkpmba/public_html/dkkkpbpp.com/ControlPanel/facultyactions.php
"2020-07-24 09:17:19",INFO,--,"Updating Faculty Data :::UPDATE tbl_faculty SET type='Teaching',name='Mr.Khartode Vikas Motiram',deptname='General Science and Humanities',designation='HOD',qualification='B.E Mech',experience='13' where id='68'",301,/home/dkkkpmba/public_html/dkkkpbpp.com/ControlPanel/facultyactions.php
"2020-07-24 09:19:08",INFO,--,"Updating Faculty Data :::UPDATE tbl_faculty SET type='Teaching',name='Ms. Jadhav A.D',deptname='General Science and Humanities',designation='Lecturel',qualification='Msc(Physics)',experience='5' where id='73'",301,/home/dkkkpmba/public_html/dkkkpbpp.com/ControlPanel/facultyactions.php
"2020-07-24 09:22:37",INFO,--,"Deleting Faculty Data :::delete from tbl_faculty where id='62'",200,/home/dkkkpmba/public_html/dkkkpbpp.com/ControlPanel/facultyactions.php
"2020-07-24 09:22:37",INFO,--,"Faculty Data Deleted",202,/home/dkkkpmba/public_html/dkkkpbpp.com/ControlPanel/facultyactions.php
"2020-07-24 09:22:44",INFO,--,"Deleting Faculty Data :::delete from tbl_faculty where id='65'",200,/home/dkkkpmba/public_html/dkkkpbpp.com/ControlPanel/facultyactions.php
"2020-07-24 09:22:44",INFO,--,"Faculty Data Deleted",202,/home/dkkkpmba/public_html/dkkkpbpp.com/ControlPanel/facultyactions.php
"2020-07-24 09:35:17",INFO,--,"Updating Faculty Data :::UPDATE tbl_faculty SET type='Teaching',name='Mr.Chavan Uday Jayshing',deptname='Mechanical Engineering',designation='HOD',qualification='M.E',experience='11' where id='57'",301,/home/dkkkpmba/public_html/dkkkpbpp.com/ControlPanel/facultyactions.php
"2020-07-24 09:36:07",INFO,--,"Updating Faculty Data :::UPDATE tbl_faculty SET type='Teaching',name='Miss.Nimbalkar Gouri Desharath',deptname='Civil Engineering',designation='HOD',qualification='B.E',experience='10' where id='90'",301,/home/dkkkpmba/public_html/dkkkpbpp.com/ControlPanel/facultyactions.php
"2020-07-24 09:36:29",INFO,--,"Updating Faculty Data :::UPDATE tbl_faculty SET type='Teaching',name='Mr.Deshpande Yogesh Narendra',deptname='Electrical Engineering',designation='HOD',qualification='M.E',experience='10' where id='83'",301,/home/dkkkpmba/public_html/dkkkpbpp.com/ControlPanel/facultyactions.php
"2020-07-24 09:36:49",INFO,--,"Updating Faculty Data :::UPDATE tbl_faculty SET type='Teaching',name='Mr.Dalavi Amol Dattatray',deptname='Electronics and Telecommunication',designation='HOD',qualification='B.E',experience='9' where id='84'",301,/home/dkkkpmba/public_html/dkkkpbpp.com/ControlPanel/facultyactions.php
"2020-07-24 09:39:50",INFO,--,"Updating Faculty Data :::UPDATE tbl_faculty SET type='Teaching',name='Mr.Bondre Atul Vishnu',deptname='General Science and Humanities',designation='Lecturer ',qualification='M.A(English)',experience='12' where id='69'",301,/home/dkkkpmba/public_html/dkkkpbpp.com/ControlPanel/facultyactions.php
"2020-07-28 05:36:20",INFO,--,"Deleting Gallery Data :::delete from tbl_gallery where photoid='2'",174,/home/dkkkpmba/public_html/dkkkpbpp.com/ControlPanel/galleryactions.php
"2020-07-28 05:36:20",INFO,--,"Gallery Data Deleted",176,/home/dkkkpmba/public_html/dkkkpbpp.com/ControlPanel/galleryactions.php
"2020-07-28 05:39:01",INFO,--,"Inserting new Gallery Data :::INSERT INTO tbl_gallery(name,title) values('IMG-20200719-WA0006.jpg','Collge result summer2020')",74,/home/dkkkpmba/public_html/dkkkpbpp.com/ControlPanel/galleryactions.php
"2020-07-28 05:39:01",INFO,--,"Gallery Data inserted",78,/home/dkkkpmba/public_html/dkkkpbpp.com/ControlPanel/galleryactions.php
"2020-07-28 06:39:22",INFO,--,"Inserting new Document Data :::INSERT INTO tbl_documents(category,description,filename) values('General','Brochure','dkkpkp_broucher.pdf')",92,/home/dkkkpmba/public_html/dkkkpbpp.com/ControlPanel/documentactions.php
"2020-07-28 06:39:22",INFO,--,"Document Data inserted",96,/home/dkkkpmba/public_html/dkkkpbpp.com/ControlPanel/documentactions.php
"2020-07-28 08:05:27",INFO,--,"Updating Faculty Data :::UPDATE tbl_faculty SET type='Teaching',name='Mr.Dalavi Amol Dattatray',deptname='Electronics and Telecommunication',designation='HOD',qualification='B.E',experience='9',photo='Mr.Dalavi Amol Dattatray.jpg' where id='84'",342,/home/dkkkpmba/public_html/dkkkpbpp.com/ControlPanel/facultyactions.php
"2020-07-28 08:06:17",INFO,--,"Updating Faculty Data :::UPDATE tbl_faculty SET type='Teaching',name='Mr.Dalavi Amol Dattatray',deptname='Electronics and Telecommunication',designation='HOD',qualification='B.E',experience='9',photo='Mr.Dalavi Amol Dattatray.jpg' where id='84'",342,/home/dkkkpmba/public_html/dkkkpbpp.com/ControlPanel/facultyactions.php
"2020-07-28 08:09:06",INFO,--,"Updating Faculty Data :::UPDATE tbl_faculty SET type='Teaching',name='Mr.Khartode Vikas Motiram',deptname='General Science and Humanities',designation='HOD',qualification='B.E Mech',experience='13',photo='Mr.Khartode Vikas Motiram.jpeg' where id='68'",342,/home/dkkkpmba/public_html/dkkkpbpp.com/ControlPanel/facultyactions.php
"2020-07-28 08:10:01",INFO,--,"Updating Faculty Data :::UPDATE tbl_faculty SET type='Teaching',name='Mr.Dalavi Amol Dattatray',deptname='Electronics and Telecommunication',designation='HOD',qualification='B.E',experience='9',photo='Mr.Dalavi Amol Dattatray.jpg' where id='84'",342,/home/dkkkpmba/public_html/dkkkpbpp.com/ControlPanel/facultyactions.php
"2020-07-29 09:35:11",INFO,--,"Updating Faculty Data :::UPDATE tbl_faculty SET type='Teaching',name='MS.Deokate R.N.',deptname='Electrical Engineering',designation='Lecturer',qualification='M.E ',experience='5' where id='143'",301,/home/dkkkpmba/public_html/dkkkpbpp.com/ControlPanel/facultyactions.php
"2020-09-23 05:00:20",INFO,--,"Deleting News Data :::delete from tbl_news where id='29'",198,/home/dkkkpmba/public_html/dkkkpbpp.com/ControlPanel/newsactions.php
"2020-09-23 05:00:20",INFO,--,"News Data Deleted",200,/home/dkkkpmba/public_html/dkkkpbpp.com/ControlPanel/newsactions.php
"2020-09-23 05:00:24",INFO,--,"Deleting News Data :::delete from tbl_news where id='29'",198,/home/dkkkpmba/public_html/dkkkpbpp.com/ControlPanel/newsactions.php
"2020-09-23 05:00:24",INFO,--,"News Data Deleted",200,/home/dkkkpmba/public_html/dkkkpbpp.com/ControlPanel/newsactions.php
"2020-09-23 05:02:54",INFO,--,"Inserting News Data :::INSERT INTO tbl_news(newsdate,subject,description,attachment,image) values('2020-09-23','Time Table Summer ','Time Table Summer 2020','Exam Time Table Summer - 2020.pdf','')",96,/home/dkkkpmba/public_html/dkkkpbpp.com/ControlPanel/newsactions.php
"2020-09-23 05:02:54",INFO,--,"News Data inserted",100,/home/dkkkpmba/public_html/dkkkpbpp.com/ControlPanel/newsactions.php
"2020-09-24 05:00:46",INFO,--,"Deleting Alumini Data :::delete from tbl_alumini where id='173'",68,/home/dkkkpmba/public_html/dkkkpbpp.com/ControlPanel/aluminiactions.php
"2020-09-24 05:00:46",INFO,--,"Alumini Data Deleted",70,/home/dkkkpmba/public_html/dkkkpbpp.com/ControlPanel/aluminiactions.php
"2020-09-24 05:00:59",INFO,--,"Deleting Alumini Data :::delete from tbl_alumini where id='55'",68,/home/dkkkpmba/public_html/dkkkpbpp.com/ControlPanel/aluminiactions.php
"2020-09-24 05:00:59",INFO,--,"Alumini Data Deleted",70,/home/dkkkpmba/public_html/dkkkpbpp.com/ControlPanel/aluminiactions.php
"2020-09-28 07:03:36",INFO,--,"Inserting News Data :::INSERT INTO tbl_news(newsdate,subject,description,attachment,image) values('2020-09-28','Time Table Summer Final Semester','Time Table Summer Final Semester 2020','time table summer -202009282020.pdf','')",96,/home/dkkkpmba/public_html/dkkkpbpp.com/ControlPanel/newsactions.php
"2020-09-28 07:03:36",INFO,--,"News Data inserted",100,/home/dkkkpmba/public_html/dkkkpbpp.com/ControlPanel/newsactions.php
